C:\USERS\ANDRáS\UBUNTU ONE\OPENGL\APP\DEBUG\OPENGL.PCH
C:\USERS\ANDRáS\UBUNTU ONE\OPENGL\APP\DEBUG\STDAFX.OBJ
C:\USERS\ANDRÁS\UBUNTU ONE\OPENGL\APP\DEBUG\VC110.PDB
C:\USERS\ANDRáS\UBUNTU ONE\OPENGL\APP\DEBUG\OPENGL.OBJ
C:\USERS\ANDRáS\UBUNTU ONE\OPENGL\APP\DEBUG\GAME.OBJ
C:\USERS\ANDRáS\UBUNTU ONE\OPENGL\APP\DEBUG\X3DMODELFROMFILE.OBJ
C:\USERS\ANDRáS\UBUNTU ONE\OPENGL\APP\DEBUG\MATERIAL.OBJ
C:\USERS\ANDRáS\UBUNTU ONE\OPENGL\APP\DEBUG\PRIMITIVES.OBJ
C:\USERS\ANDRáS\UBUNTU ONE\OPENGL\APP\DEBUG\TERRAIN.OBJ
C:\USERS\ANDRáS\UBUNTU ONE\OPENGL\APP\DEBUG\PLAYER.OBJ
C:\USERS\ANDRáS\UBUNTU ONE\OPENGL\APP\DEBUG\3DMODEL.OBJ
C:\USERS\ANDRáS\UBUNTU ONE\OPENGL\APP\DEBUG\DRAWABLE.OBJ
C:\USERS\ANDRáS\UBUNTU ONE\OPENGL\APP\DEBUG\HRTIMER.OBJ
C:\USERS\ANDRáS\UBUNTU ONE\OPENGL\APP\DEBUG\LIGHT.OBJ
C:\USERS\ANDRáS\UBUNTU ONE\OPENGL\APP\DEBUG\MAIN.OBJ
C:\USERS\ANDRáS\UBUNTU ONE\OPENGL\APP\DEBUG\OPENGL.RES
C:\Users\András\Ubuntu One\Opengl\App\Debug\3dmodel.obj
C:\Users\András\Ubuntu One\Opengl\App\Debug\drawable.obj
C:\Users\András\Ubuntu One\Opengl\App\Debug\game.obj
C:\Users\András\Ubuntu One\Opengl\App\Debug\hrtimer.obj
C:\Users\András\Ubuntu One\Opengl\App\Debug\light.obj
C:\Users\András\Ubuntu One\Opengl\App\Debug\main.obj
C:\Users\András\Ubuntu One\Opengl\App\Debug\material.obj
C:\Users\András\Ubuntu One\Opengl\App\Debug\OpenGL.obj
C:\Users\András\Ubuntu One\Opengl\App\Debug\player.obj
C:\Users\András\Ubuntu One\Opengl\App\Debug\primitives.obj
C:\Users\András\Ubuntu One\Opengl\App\Debug\stdafx.obj
C:\Users\András\Ubuntu One\Opengl\App\Debug\terrain.obj
C:\Users\András\Ubuntu One\Opengl\App\Debug\x3dmodelfromfile.obj
C:\Users\András\Ubuntu One\Opengl\App\Debug\cl.command.1.tlog
C:\Users\András\Ubuntu One\Opengl\App\Debug\CL.read.1.tlog
C:\Users\András\Ubuntu One\Opengl\App\Debug\CL.write.1.tlog
C:\Users\András\Ubuntu One\Opengl\App\Debug\link-cvtres.read.1.tlog
C:\Users\András\Ubuntu One\Opengl\App\Debug\link-cvtres.write.1.tlog
C:\Users\András\Ubuntu One\Opengl\App\Debug\link-rc.read.1.tlog
C:\Users\András\Ubuntu One\Opengl\App\Debug\link-rc.write.1.tlog
C:\Users\András\Ubuntu One\Opengl\App\Debug\link.command.1.tlog
C:\Users\András\Ubuntu One\Opengl\App\Debug\link.read.1.tlog
C:\Users\András\Ubuntu One\Opengl\App\Debug\link.write.1.tlog
C:\Users\András\Ubuntu One\Opengl\App\Debug\rc.command.1.tlog
C:\Users\András\Ubuntu One\Opengl\App\Debug\rc.read.1.tlog
C:\Users\András\Ubuntu One\Opengl\App\Debug\rc.write.1.tlog
C:\Users\András\Ubuntu One\Opengl\App\Debug\OpenGL.res
C:\Users\András\Ubuntu One\Opengl\App\Debug\OpenGL.pch
C:\Users\András\Ubuntu One\Opengl\App\Debug\vc110.idb
C:\Users\András\Ubuntu One\Opengl\App\Debug\OpenGL.pdb
C:\Users\András\Ubuntu One\Opengl\App\Debug\vc110.pdb
